[ 2018-10-31T16:14:23+08:00 ] ::1 /news%20release%20sysstem%20created%20by%20wzx/view/login.heml
INFO: [ app_init ] --START--
INFO: Run Behavior\BuildLiteBehavior [ RunTime:0.000006s ]
INFO: [ app_init ] --END-- [ RunTime:0.000285s ]
ERR: 无法加载模块:View

[ 2018-10-31T16:14:27+08:00 ] ::1 /news%20release%20sysstem%20created%20by%20wzx/view/login.html
INFO: [ app_init ] --START--
INFO: Run Behavior\BuildLiteBehavior [ RunTime:0.000007s ]
INFO: [ app_init ] --END-- [ RunTime:0.000311s ]
ERR: 无法加载模块:View

[ 2018-10-31T16:14:30+08:00 ] ::1 /news%20release%20sysstem%20created%20by%20wzx/view/login.html
INFO: [ app_init ] --START--
INFO: Run Behavior\BuildLiteBehavior [ RunTime:0.000008s ]
INFO: [ app_init ] --END-- [ RunTime:0.000301s ]
ERR: 无法加载模块:View

[ 2018-10-31T16:14:45+08:00 ] ::1 /news%20release%20sysstem%20created%20by%20wzx/view/login.html
INFO: [ app_init ] --START--
INFO: Run Behavior\BuildLiteBehavior [ RunTime:0.000009s ]
INFO: [ app_init ] --END-- [ RunTime:0.000344s ]
ERR: 无法加载模块:View

[ 2018-10-31T16:14:48+08:00 ] ::1 /news%20release%20sysstem%20created%20by%20wzx/login.html
INFO: [ app_init ] --START--
INFO: Run Behavior\BuildLiteBehavior [ RunTime:0.000007s ]
INFO: [ app_init ] --END-- [ RunTime:0.000304s ]
ERR: 无法加载模块:Login

