[ 2018-12-14T18:16:42+08:00 ] ::1 /news%20release%20sysstem%20created%20by%20wzx/home/user/logreg
INFO: [ app_init ] --START--
INFO: Run Behavior\BuildLiteBehavior [ RunTime:0.000013s ]
INFO: [ app_init ] --END-- [ RunTime:0.063417s ]
INFO: [ app_begin ] --START--
INFO: Run Behavior\ReadHtmlCacheBehavior [ RunTime:0.043640s ]
INFO: [ app_begin ] --END-- [ RunTime:0.043695s ]
INFO: [ view_parse ] --START--
INFO: [ template_filter ] --START--
INFO: Run Behavior\ContentReplaceBehavior [ RunTime:0.030848s ]
INFO: [ template_filter ] --END-- [ RunTime:0.030898s ]
INFO: Run Behavior\ParseTemplateBehavior [ RunTime:0.405666s ]
INFO: [ view_parse ] --END-- [ RunTime:0.405723s ]
INFO: [ view_filter ] --START--
INFO: Run Behavior\WriteHtmlCacheBehavior [ RunTime:0.028491s ]
INFO: [ view_filter ] --END-- [ RunTime:0.028535s ]
INFO: [ app_end ] --START--
INFO: Run Behavior\ShowPageTraceBehavior [ RunTime:0.038632s ]
INFO: [ app_end ] --END-- [ RunTime:0.038670s ]

[ 2018-12-14T18:16:43+08:00 ] ::1 /news%20release%20sysstem%20created%20by%20wzx/index.php/Home/User/yzm.html
INFO: [ app_init ] --START--
INFO: Run Behavior\BuildLiteBehavior [ RunTime:0.000016s ]
INFO: [ app_init ] --END-- [ RunTime:0.000515s ]
INFO: [ app_begin ] --START--
INFO: Run Behavior\ReadHtmlCacheBehavior [ RunTime:0.000889s ]
INFO: [ app_begin ] --END-- [ RunTime:0.001163s ]
INFO: [ app_end ] --START--
INFO: Run Behavior\ShowPageTraceBehavior [ RunTime:0.006362s ]
INFO: [ app_end ] --END-- [ RunTime:0.006508s ]

